<?xml version="1.0" encoding="UTF-8"?>
<!-- Generated by org.testng.reporters.JUnitReportReporter -->
<testsuite skipped="0" hostname="Dell" name="utilities.EcxelUtilsData" tests="2" failures="0" timestamp="2020-12-02T15:59:43 IST" time="0.056" errors="0">
  <testcase name="test1" time="0.008" classname="utilities.EcxelUtilsData"/>
  <system-out/>
  <testcase name="test1" time="0.048" classname="utilities.EcxelUtilsData"/>
  <system-out/>
</testsuite> <!-- utilities.EcxelUtilsData -->
