<?xml version="1.0" encoding="UTF-8"?>
<!-- Generated by org.testng.reporters.JUnitReportReporter -->
<testsuite skipped="0" hostname="Dell" name="pack.ZerodhaLoginExcelTestData" tests="2" failures="0" timestamp="2020-12-02T16:08:01 IST" time="34.426" errors="0">
  <testcase name="loginToZerodha" time="13.059" classname="pack.ZerodhaLoginExcelTestData"/>
  <system-out/>
  <testcase name="loginToZerodha" time="21.367" classname="pack.ZerodhaLoginExcelTestData"/>
  <system-out/>
</testsuite> <!-- pack.ZerodhaLoginExcelTestData -->
