<?xml version="1.0" encoding="UTF-8"?>
<!-- Generated by org.testng.reporters.JUnitReportReporter -->
<testsuite skipped="0" hostname="Dell" name="pack.ZerodhaLoginTest" tests="1" failures="0" timestamp="2021-01-16T15:31:26 IST" time="33.917" errors="0">
  <testcase name="buyShare" time="33.917" classname="pack.ZerodhaLoginTest"/>
  <system-out/>
</testsuite> <!-- pack.ZerodhaLoginTest -->
