<?xml version="1.0" encoding="UTF-8"?>
<!-- Generated by org.testng.reporters.JUnitReportReporter -->
<testsuite skipped="0" hostname="Dell" name="pack.ZHomePageTestCrossBrowser" tests="1" failures="0" timestamp="2020-11-29T15:37:48 IST" time="38.682" errors="0">
  <testcase name="buyShare_RegularOrder_Intraday_MarketLimitSLSLM" time="38.682" classname="pack.ZHomePageTestCrossBrowser"/>
  <system-out/>
</testsuite> <!-- pack.ZHomePageTestCrossBrowser -->
